INFO  started: Metals version 0.8.0 in workspace '/home/denjo/Documents/playground'
INFO  time: initialize in 1.13s
WARN  no build tool detected in workspace '/home/denjo/Documents/playground'. The most common cause for this problem is that the editor was opened in the wrong working directory, for example if you use sbt then the workspace directory should contain build.sbt. 
WARN  no build target for: /home/denjo/Documents/playground/scala/sandbox/point.scala
Feb 24, 2020 10:49:00 AM org.eclipse.lsp4j.jsonrpc.RemoteEndpoint handleCancellation
WARNING: Unmatched cancel notification for request id 6
INFO  no build target: using presentation compiler with only scala-library
Feb 24, 2020 10:49:01 AM org.eclipse.lsp4j.jsonrpc.RemoteEndpoint handleCancellation
WARNING: Unmatched cancel notification for request id 11
Feb 24, 2020 10:50:10 AM org.eclipse.lsp4j.jsonrpc.services.GenericEndpoint notify
WARNING: Unsupported notification method: textDocument/willSave
WARN  no build target for: /home/denjo/Documents/playground/scala/sandbox/point.scala
Feb 24, 2020 10:50:56 AM org.eclipse.lsp4j.jsonrpc.services.GenericEndpoint notify
WARNING: Unsupported notification method: textDocument/willSave
Feb 24, 2020 11:22:39 AM org.eclipse.lsp4j.jsonrpc.services.GenericEndpoint notify
WARNING: Unsupported notification method: textDocument/willSave
WARN  no build target for: /home/denjo/Documents/playground/scala/sandbox/point.scala
INFO  shutting down Metals
INFO  started: Metals version 0.8.0 in workspace '/home/denjo/Documents/playground'
INFO  time: initialize in 1.18s
WARN  no build tool detected in workspace '/home/denjo/Documents/playground'. The most common cause for this problem is that the editor was opened in the wrong working directory, for example if you use sbt then the workspace directory should contain build.sbt. 
WARN  no build target for: /home/denjo/Documents/playground/scala/play/app/controllers/HomeController.scala
INFO  no build target: using presentation compiler with only scala-library
